#! /usr/bin/vvp
:ivl_version "11.0 (stable)";
:ivl_delay_selection "TYPICAL";
:vpi_time_precision + 0;
:vpi_module "/usr/lib/x86_64-linux-gnu/ivl/system.vpi";
:vpi_module "/usr/lib/x86_64-linux-gnu/ivl/vhdl_sys.vpi";
:vpi_module "/usr/lib/x86_64-linux-gnu/ivl/vhdl_textio.vpi";
:vpi_module "/usr/lib/x86_64-linux-gnu/ivl/v2005_math.vpi";
:vpi_module "/usr/lib/x86_64-linux-gnu/ivl/va_math.vpi";
S_0x62f812126d90 .scope module, "counter" "counter" 2 1;
 .timescale 0 0;
    .port_info 0 /INPUT 4 "in";
    .port_info 1 /INPUT 1 "latch";
    .port_info 2 /INPUT 1 "dec";
    .port_info 3 /INPUT 1 "clock";
    .port_info 4 /OUTPUT 1 "zero";
v0x62f812126f40_0 .net *"_ivl_0", 31 0, L_0x62f812170c60;  1 drivers
L_0x74d661e32018 .functor BUFT 1, C4<0000000000000000000000000000>, C4<0>, C4<0>, C4<0>;
v0x62f8121704e0_0 .net *"_ivl_3", 27 0, L_0x74d661e32018;  1 drivers
L_0x74d661e32060 .functor BUFT 1, C4<00000000000000000000000000000000>, C4<0>, C4<0>, C4<0>;
v0x62f8121705c0_0 .net/2u *"_ivl_4", 31 0, L_0x74d661e32060;  1 drivers
o0x74d661e7b0a8 .functor BUFZ 1, C4<z>; HiZ drive
v0x62f8121706b0_0 .net "clock", 0 0, o0x74d661e7b0a8;  0 drivers
o0x74d661e7b0d8 .functor BUFZ 1, C4<z>; HiZ drive
v0x62f812170770_0 .net "dec", 0 0, o0x74d661e7b0d8;  0 drivers
o0x74d661e7b108 .functor BUFZ 4, C4<zzzz>; HiZ drive
v0x62f812170880_0 .net "in", 3 0, o0x74d661e7b108;  0 drivers
o0x74d661e7b138 .functor BUFZ 1, C4<z>; HiZ drive
v0x62f812170960_0 .net "latch", 0 0, o0x74d661e7b138;  0 drivers
v0x62f812170a20_0 .var "value", 3 0;
v0x62f812170b00_0 .net "zero", 0 0, L_0x62f812180dc0;  1 drivers
E_0x62f812160140 .event posedge, v0x62f8121706b0_0;
L_0x62f812170c60 .concat [ 4 28 0 0], v0x62f812170a20_0, L_0x74d661e32018;
L_0x62f812180dc0 .cmp/eq 32, L_0x62f812170c60, L_0x74d661e32060;
    .scope S_0x62f812126d90;
T_0 ;
    %wait E_0x62f812160140;
    %load/vec4 v0x62f812170960_0;
    %flag_set/vec4 8;
    %jmp/0xz  T_0.0, 8;
    %load/vec4 v0x62f812170880_0;
    %assign/vec4 v0x62f812170a20_0, 0;
    %jmp T_0.1;
T_0.0 ;
    %load/vec4 v0x62f812170770_0;
    %load/vec4 v0x62f812170a20_0;
    %pad/u 32;
    %pushi/vec4 0, 0, 32;
    %cmp/ne;
    %flag_get/vec4 4;
    %and;
    %flag_set/vec4 8;
    %jmp/0xz  T_0.2, 8;
    %load/vec4 v0x62f812170a20_0;
    %subi 1, 0, 4;
    %assign/vec4 v0x62f812170a20_0, 0;
T_0.2 ;
T_0.1 ;
    %jmp T_0;
    .thread T_0;
# The file index is used to find the file name in the following table.
:file_names 3;
    "N/A";
    "<interactive>";
    "counter.v";
