EDA Netlist Writer report for adder
Thu Apr 11 10:44:57 2024
Quartus Prime Version 23.1std.0 Build 991 11/28/2023 SC Lite Edition


---------------------
; Table of Contents ;
---------------------
  1. Legal Notice
  2. EDA Netlist Writer Summary
  3. EDA Netlist Writer Messages



----------------
; Legal Notice ;
----------------
Copyright (C) 2023  Intel Corporation. All rights reserved.
Your use of Intel Corporation's design tools, logic functions 
and other software and tools, and any partner logic 
functions, and any output files from any of the foregoing 
(including device programming or simulation files), and any 
associated documentation or information are expressly subject 
to the terms and conditions of the Intel Program License 
Subscription Agreement, the Intel Quartus Prime License Agreement,
the Intel FPGA IP License Agreement, or other applicable license
agreement, including, without limitation, that your use is for
the sole purpose of programming logic devices manufactured by
Intel and sold by Intel or its authorized distributors.  Please
refer to the applicable agreement for further details, at
https://fpgasoftware.intel.com/eula.



+---------------------------------------------------------------+
; EDA Netlist Writer Summary                                    ;
+---------------------------+-----------------------------------+
; EDA Netlist Writer Status ; Failed - Thu Apr 11 10:44:57 2024 ;
; Revision Name             ; adder                             ;
; Top-level Entity Name     ; adder                             ;
; Family                    ; Cyclone V                         ;
+---------------------------+-----------------------------------+


+-----------------------------+
; EDA Netlist Writer Messages ;
+-----------------------------+
Info: *******************************************************************
Info: Running Quartus Prime EDA Netlist Writer
    Info: Version 23.1std.0 Build 991 11/28/2023 SC Lite Edition
    Info: Processing started: Thu Apr 11 10:44:53 2024
Info: Command: quartus_eda --read_settings_files=off --write_settings_files=off adder -c adder
Warning (18236): Number of processors has not been specified which may cause overloading on shared machines.  Set the global assignment NUM_PARALLEL_PROCESSORS in your QSF to an appropriate value for best performance.
Error (204012): Can't generate netlist output files because the file "/home/maneeshakarichery/de10/adder_nios/adder/synthesis/submodules/altera_nios2_gen2_rtl_module.sv" is an OpenCore Plus time-limited file. Remove the unlicensed cores or obtain a license for those OpenCore Plus time-limited IP cores used in the design. The Intel FPGA Knowledge Database contains many articles with specific details on how to resolve this error. Visit the Knowledge Database at https://www.altera.com/support/support-resources/knowledge-base/search.html and search for this specific error message number.
Error (204009): Can't generate netlist output files because the license for encrypted file "/home/maneeshakarichery/de10/adder_nios/adder/synthesis/submodules/altera_nios2_gen2_rtl_module.sv" is not available
Error (204012): Can't generate netlist output files because the file "/home/maneeshakarichery/de10/adder_nios/adder/synthesis/submodules/altera_nios2_gen2_rtl_module.sv" is an OpenCore Plus time-limited file. Remove the unlicensed cores or obtain a license for those OpenCore Plus time-limited IP cores used in the design. The Intel FPGA Knowledge Database contains many articles with specific details on how to resolve this error. Visit the Knowledge Database at https://www.altera.com/support/support-resources/knowledge-base/search.html and search for this specific error message number.
Error (204009): Can't generate netlist output files because the license for encrypted file "/home/maneeshakarichery/de10/adder_nios/adder/synthesis/submodules/altera_nios2_gen2_rtl_module.sv" is not available
Error (204012): Can't generate netlist output files because the file "/home/maneeshakarichery/de10/adder_nios/adder/synthesis/submodules/altera_nios2_gen2_rtl_module.sv" is an OpenCore Plus time-limited file. Remove the unlicensed cores or obtain a license for those OpenCore Plus time-limited IP cores used in the design. The Intel FPGA Knowledge Database contains many articles with specific details on how to resolve this error. Visit the Knowledge Database at https://www.altera.com/support/support-resources/knowledge-base/search.html and search for this specific error message number.
Error (204009): Can't generate netlist output files because the license for encrypted file "/home/maneeshakarichery/de10/adder_nios/adder/synthesis/submodules/altera_nios2_gen2_rtl_module.sv" is not available
Error: Quartus Prime EDA Netlist Writer was unsuccessful. 6 errors, 1 warning
    Error: Peak virtual memory: 686 megabytes
    Error: Processing ended: Thu Apr 11 10:44:57 2024
    Error: Elapsed time: 00:00:04
    Error: Total CPU time (on all processors): 00:00:03


