Flow report for hello_world
Thu Apr 11 11:11:04 2024
Quartus Prime Version 23.1std.0 Build 991 11/28/2023 SC Lite Edition


---------------------
; Table of Contents ;
---------------------
  1. Legal Notice
  2. Flow Summary
  3. Flow Settings
  4. Flow Non-Default Global Settings
  5. Flow Elapsed Time
  6. Flow OS Summary
  7. Flow Log
  8. Flow Messages
  9. Flow Suppressed Messages



----------------
; Legal Notice ;
----------------
Copyright (C) 2023  Intel Corporation. All rights reserved.
Your use of Intel Corporation's design tools, logic functions 
and other software and tools, and any partner logic 
functions, and any output files from any of the foregoing 
(including device programming or simulation files), and any 
associated documentation or information are expressly subject 
to the terms and conditions of the Intel Program License 
Subscription Agreement, the Intel Quartus Prime License Agreement,
the Intel FPGA IP License Agreement, or other applicable license
agreement, including, without limitation, that your use is for
the sole purpose of programming logic devices manufactured by
Intel and sold by Intel or its authorized distributors.  Please
refer to the applicable agreement for further details, at
https://fpgasoftware.intel.com/eula.



+----------------------------------------------------------------------------------------+
; Flow Summary                                                                           ;
+---------------------------------+------------------------------------------------------+
; Flow Status                     ; EDA Netlist Writer Failed - Thu Apr 11 11:11:04 2024 ;
; Quartus Prime Version           ; 23.1std.0 Build 991 11/28/2023 SC Lite Edition       ;
; Revision Name                   ; hello_world                                          ;
; Top-level Entity Name           ; hello_world                                          ;
; Family                          ; Cyclone V                                            ;
; Device                          ; 5CSXFC6D6F31C6                                       ;
; Timing Models                   ; Final                                                ;
; Logic utilization (in ALMs)     ; 1,268 / 41,910 ( 3 % )                               ;
; Total registers                 ; 1892                                                 ;
; Total pins                      ; 2 / 499 ( < 1 % )                                    ;
; Total virtual pins              ; 0                                                    ;
; Total block memory bits         ; 95,424 / 5,662,720 ( 2 % )                           ;
; Total DSP Blocks                ; 3 / 112 ( 3 % )                                      ;
; Total HSSI RX PCSs              ; 0 / 9 ( 0 % )                                        ;
; Total HSSI PMA RX Deserializers ; 0 / 9 ( 0 % )                                        ;
; Total HSSI TX PCSs              ; 0 / 9 ( 0 % )                                        ;
; Total HSSI PMA TX Serializers   ; 0 / 9 ( 0 % )                                        ;
; Total PLLs                      ; 0 / 15 ( 0 % )                                       ;
; Total DLLs                      ; 0 / 4 ( 0 % )                                        ;
+---------------------------------+------------------------------------------------------+


+-----------------------------------------+
; Flow Settings                           ;
+-------------------+---------------------+
; Option            ; Setting             ;
+-------------------+---------------------+
; Start date & time ; 04/11/2024 11:06:51 ;
; Main task         ; Compilation         ;
; Revision Name     ; hello_world         ;
+-------------------+---------------------+


+-----------------------------------------------------------------------------------------------------------------------------------------------------------------------+
; Flow Non-Default Global Settings                                                                                                                                      ;
+-------------------------------------+---------------------------------------------------------------+---------------+-------------+-----------------------------------+
; Assignment Name                     ; Value                                                         ; Default Value ; Entity Name ; Section Id                        ;
+-------------------------------------+---------------------------------------------------------------+---------------+-------------+-----------------------------------+
; COMPILER_SIGNATURE_ID               ; 97221500930133.171281381126900                                ; --            ; --          ; --                                ;
; EDA_GENERATE_FUNCTIONAL_NETLIST     ; Off                                                           ; --            ; --          ; eda_board_design_timing           ;
; EDA_GENERATE_FUNCTIONAL_NETLIST     ; Off                                                           ; --            ; --          ; eda_board_design_boundary_scan    ;
; EDA_GENERATE_FUNCTIONAL_NETLIST     ; Off                                                           ; --            ; --          ; eda_board_design_signal_integrity ;
; EDA_GENERATE_FUNCTIONAL_NETLIST     ; Off                                                           ; --            ; --          ; eda_board_design_symbol           ;
; EDA_OUTPUT_DATA_FORMAT              ; Verilog Hdl                                                   ; --            ; --          ; eda_simulation                    ;
; EDA_SIMULATION_TOOL                 ; Questa Intel FPGA (Verilog)                                   ; <None>        ; --          ; --                                ;
; EDA_TIME_SCALE                      ; 1 ps                                                          ; --            ; --          ; eda_simulation                    ;
; MAX_CORE_JUNCTION_TEMP              ; 85                                                            ; --            ; --          ; --                                ;
; MIN_CORE_JUNCTION_TEMP              ; 0                                                             ; --            ; --          ; --                                ;
; MISC_FILE                           ; hello_world/synthesis/../hello_world.cmp                      ; --            ; --          ; --                                ;
; MISC_FILE                           ; hello_world/synthesis/../../hello_world.qsys                  ; --            ; --          ; --                                ;
; PARTITION_COLOR                     ; -- (Not supported for targeted family)                        ; --            ; --          ; Top                               ;
; PARTITION_FITTER_PRESERVATION_LEVEL ; -- (Not supported for targeted family)                        ; --            ; --          ; Top                               ;
; PARTITION_NETLIST_TYPE              ; -- (Not supported for targeted family)                        ; --            ; --          ; Top                               ;
; POWER_BOARD_THERMAL_MODEL           ; None (CONSERVATIVE)                                           ; --            ; --          ; --                                ;
; POWER_PRESET_COOLING_SOLUTION       ; 23 MM HEAT SINK WITH 200 LFPM AIRFLOW                         ; --            ; --          ; --                                ;
; PROJECT_OUTPUT_DIRECTORY            ; output_files                                                  ; --            ; --          ; --                                ;
; SLD_FILE                            ; hello_world/synthesis/hello_world.regmap                      ; --            ; --          ; --                                ;
; SLD_FILE                            ; hello_world/synthesis/hello_world.debuginfo                   ; --            ; --          ; --                                ;
; SLD_INFO                            ; QSYS_NAME hello_world HAS_SOPCINFO 1 GENERATION_ID 1712813686 ; --            ; --          ; --                                ;
; SOPCINFO_FILE                       ; hello_world/synthesis/../../hello_world.sopcinfo              ; --            ; --          ; --                                ;
; SYNTHESIS_ONLY_QIP                  ; On                                                            ; --            ; --          ; --                                ;
+-------------------------------------+---------------------------------------------------------------+---------------+-------------+-----------------------------------+


+--------------------------------------------------------------------------------------------------------------------------+
; Flow Elapsed Time                                                                                                        ;
+----------------------+--------------+-------------------------+---------------------+------------------------------------+
; Module Name          ; Elapsed Time ; Average Processors Used ; Peak Virtual Memory ; Total CPU Time (on all processors) ;
+----------------------+--------------+-------------------------+---------------------+------------------------------------+
; Analysis & Synthesis ; 00:00:46     ; 1.0                     ; 596 MB              ; 00:01:17                           ;
; Fitter               ; 00:02:32     ; 1.1                     ; 1651 MB             ; 00:03:51                           ;
; Assembler            ; 00:00:10     ; 1.0                     ; 536 MB              ; 00:00:10                           ;
; Timing Analyzer      ; 00:00:28     ; 1.2                     ; 852 MB              ; 00:00:34                           ;
; EDA Netlist Writer   ; 00:00:04     ; 1.0                     ; 686 MB              ; 00:00:04                           ;
; Total                ; 00:04:00     ; --                      ; --                  ; 00:05:56                           ;
+----------------------+--------------+-------------------------+---------------------+------------------------------------+


+------------------------------------------------------------------------------------------------------+
; Flow OS Summary                                                                                      ;
+----------------------+--------------------------------+----------------+------------+----------------+
; Module Name          ; Machine Hostname               ; OS Name        ; OS Version ; Processor type ;
+----------------------+--------------------------------+----------------+------------+----------------+
; Analysis & Synthesis ; maneeshakarichery-RedmiBook-15 ; Ubuntu 22.04.4 ; 22         ; x86_64         ;
; Fitter               ; maneeshakarichery-RedmiBook-15 ; Ubuntu 22.04.4 ; 22         ; x86_64         ;
; Assembler            ; maneeshakarichery-RedmiBook-15 ; Ubuntu 22.04.4 ; 22         ; x86_64         ;
; Timing Analyzer      ; maneeshakarichery-RedmiBook-15 ; Ubuntu 22.04.4 ; 22         ; x86_64         ;
; EDA Netlist Writer   ; maneeshakarichery-RedmiBook-15 ; Ubuntu 22.04.4 ; 22         ; x86_64         ;
+----------------------+--------------------------------+----------------+------------+----------------+


------------
; Flow Log ;
------------
quartus_map --read_settings_files=on --write_settings_files=off hello_world -c hello_world
quartus_fit --read_settings_files=off --write_settings_files=off hello_world -c hello_world
quartus_asm --read_settings_files=off --write_settings_files=off hello_world -c hello_world
quartus_sta hello_world -c hello_world
quartus_eda --read_settings_files=off --write_settings_files=off hello_world -c hello_world



