Info: Starting: Create block symbol file (.bsf)
Info: qsys-generate /home/maneeshakarichery/de10/nios_hello_world/hello_world.qsys --block-symbol-file --output-directory=/home/maneeshakarichery/de10/nios_hello_world/hello_world --family="Cyclone V" --part=5CSXFC6D6F31C6
Progress: Loading nios_hello_world/hello_world.qsys
Progress: Reading input file
Progress: Adding clk_0 [clock_source 23.1]
Progress: Parameterizing module clk_0
Progress: Adding jtag_uart_0 [altera_avalon_jtag_uart 23.1]
Progress: Parameterizing module jtag_uart_0
Progress: Adding nios2_gen2_0 [altera_nios2_gen2 23.1]
Progress: Parameterizing module nios2_gen2_0
Progress: Adding onchip_memory2_0 [altera_avalon_onchip_memory2 23.1]
Progress: Parameterizing module onchip_memory2_0
Progress: Building connections
Progress: Parameterizing connections
Progress: Validating
Progress: Done reading input file
Info: hello_world.jtag_uart_0: JTAG UART IP input clock need to be at least double (2x) the operating frequency of JTAG TCK on board
Warning: hello_world.nios2_gen2_0: Nios II cores are not recommended for new projects and are subject to removal in a future release. Nios V cores are the recommended replacement as applicable.
Warning: hello_world.jtag_uart_0: Interrupt sender jtag_uart_0.irq is not connected to an interrupt receiver
Info: qsys-generate succeeded.
Info: Finished: Create block symbol file (.bsf)
Info: 
Info: Starting: Create HDL design files for synthesis
Info: qsys-generate /home/maneeshakarichery/de10/nios_hello_world/hello_world.qsys --synthesis=VERILOG --output-directory=/home/maneeshakarichery/de10/nios_hello_world/hello_world/synthesis --family="Cyclone V" --part=5CSXFC6D6F31C6
Progress: Loading nios_hello_world/hello_world.qsys
Progress: Reading input file
Progress: Adding clk_0 [clock_source 23.1]
Progress: Parameterizing module clk_0
Progress: Adding jtag_uart_0 [altera_avalon_jtag_uart 23.1]
Progress: Parameterizing module jtag_uart_0
Progress: Adding nios2_gen2_0 [altera_nios2_gen2 23.1]
Progress: Parameterizing module nios2_gen2_0
Progress: Adding onchip_memory2_0 [altera_avalon_onchip_memory2 23.1]
Progress: Parameterizing module onchip_memory2_0
Progress: Building connections
Progress: Parameterizing connections
Progress: Validating
Progress: Done reading input file
Info: hello_world.jtag_uart_0: JTAG UART IP input clock need to be at least double (2x) the operating frequency of JTAG TCK on board
Warning: hello_world.nios2_gen2_0: Nios II cores are not recommended for new projects and are subject to removal in a future release. Nios V cores are the recommended replacement as applicable.
Warning: hello_world.jtag_uart_0: Interrupt sender jtag_uart_0.irq is not connected to an interrupt receiver
Info: hello_world: Generating hello_world "hello_world" for QUARTUS_SYNTH
Info: jtag_uart_0: Starting RTL generation for module 'hello_world_jtag_uart_0'
Info: jtag_uart_0:   Generation command is [exec /home/maneeshakarichery/intelFPGA_lite/23.1std/quartus/linux64/perl/bin/perl -I /home/maneeshakarichery/intelFPGA_lite/23.1std/quartus/linux64/perl/lib -I /home/maneeshakarichery/intelFPGA_lite/23.1std/quartus/sopc_builder/bin/europa -I /home/maneeshakarichery/intelFPGA_lite/23.1std/quartus/sopc_builder/bin -I /home/maneeshakarichery/intelFPGA_lite/23.1std/quartus/../ip/altera/sopc_builder_ip/common -I /home/maneeshakarichery/intelFPGA_lite/23.1std/quartus/../ip/altera/sopc_builder_ip/altera_avalon_jtag_uart -- /home/maneeshakarichery/intelFPGA_lite/23.1std/quartus/../ip/altera/sopc_builder_ip/altera_avalon_jtag_uart/generate_rtl.pl --name=hello_world_jtag_uart_0 --dir=/tmp/alt9824_6725561617775139225.dir/0026_jtag_uart_0_gen/ --quartus_dir=/home/maneeshakarichery/intelFPGA_lite/23.1std/quartus --verilog --config=/tmp/alt9824_6725561617775139225.dir/0026_jtag_uart_0_gen//hello_world_jtag_uart_0_component_configuration.pl  --do_build_sim=0  ]
Info: jtag_uart_0: Done RTL generation for module 'hello_world_jtag_uart_0'
Info: jtag_uart_0: "hello_world" instantiated altera_avalon_jtag_uart "jtag_uart_0"
Info: nios2_gen2_0: "hello_world" instantiated altera_nios2_gen2 "nios2_gen2_0"
Info: onchip_memory2_0: Starting RTL generation for module 'hello_world_onchip_memory2_0'
Info: onchip_memory2_0:   Generation command is [exec /home/maneeshakarichery/intelFPGA_lite/23.1std/quartus/linux64/perl/bin/perl -I /home/maneeshakarichery/intelFPGA_lite/23.1std/quartus/linux64/perl/lib -I /home/maneeshakarichery/intelFPGA_lite/23.1std/quartus/sopc_builder/bin/europa -I /home/maneeshakarichery/intelFPGA_lite/23.1std/quartus/sopc_builder/bin -I /home/maneeshakarichery/intelFPGA_lite/23.1std/quartus/../ip/altera/sopc_builder_ip/common -I /home/maneeshakarichery/intelFPGA_lite/23.1std/quartus/../ip/altera/sopc_builder_ip/altera_avalon_onchip_memory2 -- /home/maneeshakarichery/intelFPGA_lite/23.1std/quartus/../ip/altera/sopc_builder_ip/altera_avalon_onchip_memory2/generate_rtl.pl --name=hello_world_onchip_memory2_0 --dir=/tmp/alt9824_6725561617775139225.dir/0027_onchip_memory2_0_gen/ --quartus_dir=/home/maneeshakarichery/intelFPGA_lite/23.1std/quartus --verilog --config=/tmp/alt9824_6725561617775139225.dir/0027_onchip_memory2_0_gen//hello_world_onchip_memory2_0_component_configuration.pl  --do_build_sim=0  ]
Info: onchip_memory2_0: Done RTL generation for module 'hello_world_onchip_memory2_0'
Info: onchip_memory2_0: "hello_world" instantiated altera_avalon_onchip_memory2 "onchip_memory2_0"
Info: avalon_st_adapter: Inserting error_adapter: error_adapter_0
Info: avalon_st_adapter_001: Inserting error_adapter: error_adapter_0
Info: avalon_st_adapter_002: Inserting error_adapter: error_adapter_0
Info: mm_interconnect_0: "hello_world" instantiated altera_mm_interconnect "mm_interconnect_0"
Info: irq_mapper: "hello_world" instantiated altera_irq_mapper "irq_mapper"
Info: rst_controller: "hello_world" instantiated altera_reset_controller "rst_controller"
Info: cpu: Starting RTL generation for module 'hello_world_nios2_gen2_0_cpu'
Info: cpu:   Generation command is [exec /home/maneeshakarichery/intelFPGA_lite/23.1std/quartus/linux64//perl/bin/perl -I /home/maneeshakarichery/intelFPGA_lite/23.1std/quartus/linux64//perl/lib -I /home/maneeshakarichery/intelFPGA_lite/23.1std/quartus/sopc_builder/bin/europa -I /home/maneeshakarichery/intelFPGA_lite/23.1std/quartus/sopc_builder/bin -I /home/maneeshakarichery/intelFPGA_lite/23.1std/quartus/../ip/altera/nios2_ip/altera_nios2_gen2/cpu_lib -I /home/maneeshakarichery/intelFPGA_lite/23.1std/quartus/../ip/altera/nios2_ip/altera_nios2_gen2/nios_lib -I /home/maneeshakarichery/intelFPGA_lite/23.1std/quartus/../ip/altera/nios2_ip/altera_nios2_gen2 -I /home/maneeshakarichery/intelFPGA_lite/23.1std/quartus/../ip/altera/nios2_ip/altera_nios2_gen2 -- /home/maneeshakarichery/intelFPGA_lite/23.1std/quartus/../ip/altera/nios2_ip/altera_nios2_gen2/generate_rtl.pl --name=hello_world_nios2_gen2_0_cpu --dir=/tmp/alt9824_6725561617775139225.dir/0030_cpu_gen/ --quartus_bindir=/home/maneeshakarichery/intelFPGA_lite/23.1std/quartus/linux64/ --verilog --config=/tmp/alt9824_6725561617775139225.dir/0030_cpu_gen//hello_world_nios2_gen2_0_cpu_processor_configuration.pl  --do_build_sim=0  ]
Info: cpu: # 2024.04.11 11:04:49 (*) Starting Nios II generation
Info: cpu: # 2024.04.11 11:04:49 (*)   Elaborating CPU configuration settings
Info: cpu: # 2024.04.11 11:04:49 (*)   Creating all objects for CPU
Info: cpu: # 2024.04.11 11:04:49 (*)     Testbench
Info: cpu: # 2024.04.11 11:04:49 (*)     Instruction decoding
Info: cpu: # 2024.04.11 11:04:49 (*)       Instruction fields
Info: cpu: # 2024.04.11 11:04:49 (*)       Instruction decodes
Info: cpu: # 2024.04.11 11:04:50 (*)       Signals for RTL simulation waveforms
Info: cpu: # 2024.04.11 11:04:50 (*)       Instruction controls
Info: cpu: # 2024.04.11 11:04:50 (*)     Pipeline frontend
Info: cpu: # 2024.04.11 11:04:50 (*)     Pipeline backend
Info: cpu: # 2024.04.11 11:04:51 (*)   Generating RTL from CPU objects
Info: cpu: # 2024.04.11 11:04:51 (*)   Creating plain-text RTL
Info: cpu: # 2024.04.11 11:04:52 (*) Done Nios II generation
Info: cpu: Done RTL generation for module 'hello_world_nios2_gen2_0_cpu'
Info: cpu: "nios2_gen2_0" instantiated altera_nios2_gen2_unit "cpu"
Info: nios2_gen2_0_data_master_translator: "mm_interconnect_0" instantiated altera_merlin_master_translator "nios2_gen2_0_data_master_translator"
Info: jtag_uart_0_avalon_jtag_slave_translator: "mm_interconnect_0" instantiated altera_merlin_slave_translator "jtag_uart_0_avalon_jtag_slave_translator"
Info: nios2_gen2_0_data_master_agent: "mm_interconnect_0" instantiated altera_merlin_master_agent "nios2_gen2_0_data_master_agent"
Info: jtag_uart_0_avalon_jtag_slave_agent: "mm_interconnect_0" instantiated altera_merlin_slave_agent "jtag_uart_0_avalon_jtag_slave_agent"
Info: jtag_uart_0_avalon_jtag_slave_agent_rsp_fifo: "mm_interconnect_0" instantiated altera_avalon_sc_fifo "jtag_uart_0_avalon_jtag_slave_agent_rsp_fifo"
Info: router: "mm_interconnect_0" instantiated altera_merlin_router "router"
Info: router_001: "mm_interconnect_0" instantiated altera_merlin_router "router_001"
Info: router_002: "mm_interconnect_0" instantiated altera_merlin_router "router_002"
Info: router_003: "mm_interconnect_0" instantiated altera_merlin_router "router_003"
Info: nios2_gen2_0_data_master_limiter: "mm_interconnect_0" instantiated altera_merlin_traffic_limiter "nios2_gen2_0_data_master_limiter"
Info: Reusing file /home/maneeshakarichery/de10/nios_hello_world/hello_world/synthesis/submodules/altera_avalon_sc_fifo.v
Info: cmd_demux: "mm_interconnect_0" instantiated altera_merlin_demultiplexer "cmd_demux"
Info: cmd_demux_001: "mm_interconnect_0" instantiated altera_merlin_demultiplexer "cmd_demux_001"
Info: cmd_mux: "mm_interconnect_0" instantiated altera_merlin_multiplexer "cmd_mux"
Info: cmd_mux_001: "mm_interconnect_0" instantiated altera_merlin_multiplexer "cmd_mux_001"
Info: Reusing file /home/maneeshakarichery/de10/nios_hello_world/hello_world/synthesis/submodules/altera_merlin_arbitrator.sv
Info: rsp_demux: "mm_interconnect_0" instantiated altera_merlin_demultiplexer "rsp_demux"
Info: rsp_demux_001: "mm_interconnect_0" instantiated altera_merlin_demultiplexer "rsp_demux_001"
Info: rsp_mux: "mm_interconnect_0" instantiated altera_merlin_multiplexer "rsp_mux"
Info: Reusing file /home/maneeshakarichery/de10/nios_hello_world/hello_world/synthesis/submodules/altera_merlin_arbitrator.sv
Info: rsp_mux_001: "mm_interconnect_0" instantiated altera_merlin_multiplexer "rsp_mux_001"
Info: Reusing file /home/maneeshakarichery/de10/nios_hello_world/hello_world/synthesis/submodules/altera_merlin_arbitrator.sv
Info: avalon_st_adapter: "mm_interconnect_0" instantiated altera_avalon_st_adapter "avalon_st_adapter"
Info: error_adapter_0: "avalon_st_adapter" instantiated error_adapter "error_adapter_0"
Info: hello_world: Done "hello_world" with 28 modules, 49 files
Info: qsys-generate succeeded.
Info: Finished: Create HDL design files for synthesis
