#! /usr/bin/vvp
:ivl_version "11.0 (stable)";
:ivl_delay_selection "TYPICAL";
:vpi_time_precision + 0;
:vpi_module "/usr/lib/x86_64-linux-gnu/ivl/system.vpi";
:vpi_module "/usr/lib/x86_64-linux-gnu/ivl/vhdl_sys.vpi";
:vpi_module "/usr/lib/x86_64-linux-gnu/ivl/vhdl_textio.vpi";
:vpi_module "/usr/lib/x86_64-linux-gnu/ivl/v2005_math.vpi";
:vpi_module "/usr/lib/x86_64-linux-gnu/ivl/va_math.vpi";
S_0x607aa14b4de0 .scope module, "bcd_adder" "bcd_adder" 2 1;
 .timescale 0 0;
    .port_info 0 /INPUT 4 "a";
    .port_info 1 /INPUT 4 "b";
    .port_info 2 /INPUT 1 "c_in";
    .port_info 3 /OUTPUT 4 "sum";
    .port_info 4 /OUTPUT 1 "c_out";
o0x76c34ca33018 .functor BUFZ 4, C4<zzzz>; HiZ drive
v0x607aa14b4f90_0 .net "a", 3 0, o0x76c34ca33018;  0 drivers
o0x76c34ca33048 .functor BUFZ 4, C4<zzzz>; HiZ drive
v0x607aa14fe2d0_0 .net "b", 3 0, o0x76c34ca33048;  0 drivers
o0x76c34ca33078 .functor BUFZ 1, C4<z>; HiZ drive
v0x607aa14fe3b0_0 .net "c_in", 0 0, o0x76c34ca33078;  0 drivers
v0x607aa14fe480_0 .var "c_out", 0 0;
o0x76c34ca330d8 .functor BUFZ 1, C4<z>; HiZ drive
v0x607aa14fe540_0 .net "carry", 0 0, o0x76c34ca330d8;  0 drivers
v0x607aa14fe650_0 .var "sum", 3 0;
v0x607aa14fe730_0 .var "sum_temp", 3 0;
E_0x607aa14ee010 .event edge, v0x607aa14fe3b0_0, v0x607aa14fe2d0_0, v0x607aa14b4f90_0;
    .scope S_0x607aa14b4de0;
T_0 ;
    %wait E_0x607aa14ee010;
    %load/vec4 v0x607aa14b4f90_0;
    %load/vec4 v0x607aa14fe2d0_0;
    %add;
    %load/vec4 v0x607aa14fe3b0_0;
    %pad/u 4;
    %add;
    %store/vec4 v0x607aa14fe730_0, 0, 4;
    %load/vec4 v0x607aa14fe730_0;
    %pad/u 32;
    %cmpi/u 9, 0, 32;
    %flag_or 5, 4; GT is !LE
    %flag_inv 5;
    %jmp/0xz  T_0.0, 5;
    %load/vec4 v0x607aa14fe730_0;
    %addi 6, 0, 4;
    %store/vec4 v0x607aa14fe650_0, 0, 4;
    %pushi/vec4 1, 0, 1;
    %store/vec4 v0x607aa14fe480_0, 0, 1;
    %jmp T_0.1;
T_0.0 ;
    %pushi/vec4 0, 0, 1;
    %store/vec4 v0x607aa14fe480_0, 0, 1;
T_0.1 ;
    %load/vec4 v0x607aa14fe730_0;
    %store/vec4 v0x607aa14fe650_0, 0, 4;
    %jmp T_0;
    .thread T_0, $push;
# The file index is used to find the file name in the following table.
:file_names 3;
    "N/A";
    "<interactive>";
    "bcd_adder.v";
